# JRE version: Java(TM) SE Runtime Environment (8.0_181-b13) (build 1.8.0_181-b13)
# Java VM: Java HotSpot(TM) 64-Bit Server VM (25.181-b13 mixed mode linux-amd64 compressed oops)
Heap:
 PSYoungGen      total 178688K, used 10721K [0x00000000d7100000, 0x00000000ea680000, 0x0000000100000000)
  eden space 160768K, 0% used [0x00000000d7100000,0x00000000d7100000,0x00000000e0e00000)
  from space 17920K, 59% used [0x00000000e3700000,0x00000000e4178628,0x00000000e4880000)
  to   space 41984K, 0% used [0x00000000e0e00000,0x00000000e0e00000,0x00000000e3700000)
 ParOldGen       total 92672K, used 92476K [0x0000000085200000, 0x000000008ac80000, 0x00000000d7100000)
  object space 92672K, 99% used [0x0000000085200000,0x000000008ac4f0a8,0x000000008ac80000)
 Metaspace       used 58696K, capacity 61086K, committed 61272K, reserved 1101824K
  class space    used 8078K, capacity 8514K, committed 8576K, reserved 1048576K
GC Heap History (10 events):
Event: 10.345 GC heap after
Heap after GC invocations=11 (full 2):
 PSYoungGen      total 158208K, used 7395K [0x00000000d7100000, 0x00000000e3c80000, 0x0000000100000000)
  eden space 145408K, 0% used [0x00000000d7100000,0x00000000d7100000,0x00000000dff00000)
  from space 12800K, 57% used [0x00000000dff00000,0x00000000e0638cf8,0x00000000e0b80000)
  to   space 12288K, 0% used [0x00000000e3080000,0x00000000e3080000,0x00000000e3c80000)
 ParOldGen       total 92160K, used 18702K [0x0000000085200000, 0x000000008ac00000, 0x00000000d7100000)
  object space 92160K, 20% used [0x0000000085200000,0x00000000864439c8,0x000000008ac00000)
 Metaspace       used 36933K, capacity 38436K, committed 38616K, reserved 1083392K
  class space    used 4782K, capacity 5089K, committed 5120K, reserved 1048576K
}
Event: 11.869 GC heap before
{Heap before GC invocations=12 (full 2):
 PSYoungGen      total 158208K, used 152803K [0x00000000d7100000, 0x00000000e3c80000, 0x0000000100000000)
  eden space 145408K, 100% used [0x00000000d7100000,0x00000000dff00000,0x00000000dff00000)
  from space 12800K, 57% used [0x00000000dff00000,0x00000000e0638cf8,0x00000000e0b80000)
  to   space 12288K, 0% used [0x00000000e3080000,0x00000000e3080000,0x00000000e3c80000)
 ParOldGen       total 92160K, used 18702K [0x0000000085200000, 0x000000008ac00000, 0x00000000d7100000)
  object space 92160K, 20% used [0x0000000085200000,0x00000000864439c8,0x000000008ac00000)
 Metaspace       used 40245K, capacity 42264K, committed 42584K, reserved 1085440K
  class space    used 5325K, capacity 5691K, committed 5760K, reserved 1048576K
Event: 11.900 GC heap after
Heap after GC invocations=12 (full 2):
 PSYoungGen      total 194560K, used 12282K [0x00000000d7100000, 0x00000000e4080000, 0x0000000100000000)
  eden space 182272K, 0% used [0x00000000d7100000,0x00000000d7100000,0x00000000e2300000)
  from space 12288K, 99% used [0x00000000e3080000,0x00000000e3c7eb80,0x00000000e3c80000)
  to   space 13824K, 0% used [0x00000000e2300000,0x00000000e2300000,0x00000000e3080000)
 ParOldGen       total 92160K, used 18710K [0x0000000085200000, 0x000000008ac00000, 0x00000000d7100000)
  object space 92160K, 20% used [0x0000000085200000,0x00000000864459c8,0x000000008ac00000)
 Metaspace       used 40245K, capacity 42264K, committed 42584K, reserved 1085440K
  class space    used 5325K, capacity 5691K, committed 5760K, reserved 1048576K
}
Event: 26.722 GC heap before
{Heap before GC invocations=13 (full 2):
 PSYoungGen      total 194560K, used 193204K [0x00000000d7100000, 0x00000000e4080000, 0x0000000100000000)
  eden space 182272K, 99% used [0x00000000d7100000,0x00000000e21ae648,0x00000000e2300000)
  from space 12288K, 99% used [0x00000000e3080000,0x00000000e3c7eb80,0x00000000e3c80000)
  to   space 13824K, 0% used [0x00000000e2300000,0x00000000e2300000,0x00000000e3080000)
 ParOldGen       total 92160K, used 18710K [0x0000000085200000, 0x000000008ac00000, 0x00000000d7100000)
  object space 92160K, 20% used [0x0000000085200000,0x00000000864459c8,0x000000008ac00000)
 Metaspace       used 49020K, capacity 51330K, committed 51672K, reserved 1093632K
  class space    used 6621K, capacity 7052K, committed 7168K, reserved 1048576K
Event: 26.763 GC heap after
Heap after GC invocations=13 (full 2):
 PSYoungGen      total 196096K, used 13811K [0x00000000d7100000, 0x00000000e4880000, 0x0000000100000000)
  eden space 182272K, 0% used [0x00000000d7100000,0x00000000d7100000,0x00000000e2300000)
  from space 13824K, 99% used [0x00000000e2300000,0x00000000e307cfb0,0x00000000e3080000)
  to   space 17920K, 0% used [0x00000000e3700000,0x00000000e3700000,0x00000000e4880000)
 ParOldGen       total 92160K, used 25111K [0x0000000085200000, 0x000000008ac00000, 0x00000000d7100000)
  object space 92160K, 27% used [0x0000000085200000,0x0000000086a85c60,0x000000008ac00000)
 Metaspace       used 49020K, capacity 51330K, committed 51672K, reserved 1093632K
  class space    used 6621K, capacity 7052K, committed 7168K, reserved 1048576K
}
Event: 26.763 GC heap before
{Heap before GC invocations=14 (full 3):
 PSYoungGen      total 196096K, used 13811K [0x00000000d7100000, 0x00000000e4880000, 0x0000000100000000)
  eden space 182272K, 0% used [0x00000000d7100000,0x00000000d7100000,0x00000000e2300000)
  from space 13824K, 99% used [0x00000000e2300000,0x00000000e307cfb0,0x00000000e3080000)
  to   space 17920K, 0% used [0x00000000e3700000,0x00000000e3700000,0x00000000e4880000)
 ParOldGen       total 92160K, used 25111K [0x0000000085200000, 0x000000008ac00000, 0x00000000d7100000)
  object space 92160K, 27% used [0x0000000085200000,0x0000000086a85c60,0x000000008ac00000)
 Metaspace       used 49020K, capacity 51330K, committed 51672K, reserved 1093632K
  class space    used 6621K, capacity 7052K, committed 7168K, reserved 1048576K
Event: 26.984 GC heap after
Heap after GC invocations=14 (full 3):
 PSYoungGen      total 196096K, used 0K [0x00000000d7100000, 0x00000000e4880000, 0x0000000100000000)
  eden space 182272K, 0% used [0x00000000d7100000,0x00000000d7100000,0x00000000e2300000)
  from space 13824K, 0% used [0x00000000e2300000,0x00000000e2300000,0x00000000e3080000)
  to   space 17920K, 0% used [0x00000000e3700000,0x00000000e3700000,0x00000000e4880000)
 ParOldGen       total 92160K, used 34456K [0x0000000085200000, 0x000000008ac00000, 0x00000000d7100000)
  object space 92160K, 37% used [0x0000000085200000,0x00000000873a6000,0x000000008ac00000)
 Metaspace       used 49020K, capacity 51330K, committed 51672K, reserved 1093632K
  class space    used 6621K, capacity 7052K, committed 7168K, reserved 1048576K
}
Event: 31.936 GC heap before
{Heap before GC invocations=15 (full 3):
 PSYoungGen      total 196096K, used 182272K [0x00000000d7100000, 0x00000000e4880000, 0x0000000100000000)
  eden space 182272K, 100% used [0x00000000d7100000,0x00000000e2300000,0x00000000e2300000)
  from space 13824K, 0% used [0x00000000e2300000,0x00000000e2300000,0x00000000e3080000)
  to   space 17920K, 0% used [0x00000000e3700000,0x00000000e3700000,0x00000000e4880000)
 ParOldGen       total 92160K, used 34456K [0x0000000085200000, 0x000000008ac00000, 0x00000000d7100000)
  object space 92160K, 37% used [0x0000000085200000,0x00000000873a6000,0x000000008ac00000)
 Metaspace       used 58696K, capacity 61086K, committed 61272K, reserved 1101824K
  class space    used 8078K, capacity 8514K, committed 8576K, reserved 1048576K
Event: 32.051 GC heap after
Heap after GC invocations=15 (full 3):
 PSYoungGen      total 178688K, used 17895K [0x00000000d7100000, 0x00000000ea680000, 0x0000000100000000)
  eden space 160768K, 0% used [0x00000000d7100000,0x00000000d7100000,0x00000000e0e00000)
  from space 17920K, 99% used [0x00000000e3700000,0x00000000e4879f50,0x00000000e4880000)
  to   space 41984K, 0% used [0x00000000e0e00000,0x00000000e0e00000,0x00000000e3700000)
 ParOldGen       total 92672K, used 92619K [0x0000000085200000, 0x000000008ac80000, 0x00000000d7100000)
  object space 92672K, 99% used [0x0000000085200000,0x000000008ac72ed8,0x000000008ac80000)
 Metaspace       used 58696K, capacity 61086K, committed 61272K, reserved 1101824K
  class space    used 8078K, capacity 8514K, committed 8576K, reserved 1048576K
}
Event: 32.051 GC heap before
{Heap before GC invocations=16 (full 4):
 PSYoungGen      total 178688K, used 17895K [0x00000000d7100000, 0x00000000ea680000, 0x0000000100000000)
  eden space 160768K, 0% used [0x00000000d7100000,0x00000000d7100000,0x00000000e0e00000)
  from space 17920K, 99% used [0x00000000e3700000,0x00000000e4879f50,0x00000000e4880000)
  to   space 41984K, 0% used [0x00000000e0e00000,0x00000000e0e00000,0x00000000e3700000)
 ParOldGen       total 92672K, used 92619K [0x0000000085200000, 0x000000008ac80000, 0x00000000d7100000)
  object space 92672K, 99% used [0x0000000085200000,0x000000008ac72ed8,0x000000008ac80000)
 Metaspace       used 58696K, capacity 61086K, committed 61272K, reserved 1101824K
  class space    used 8078K, capacity 8514K, committed 8576K, reserved 1048576K

